TN:
SF:src\app.js
FN:41,(anonymous_0)
FNF:1
FNH:1
FNDA:1,(anonymous_0)
DA:1,3
DA:2,3
DA:3,3
DA:4,3
DA:5,3
DA:6,3
DA:7,3
DA:8,3
DA:10,3
DA:11,3
DA:12,3
DA:14,3
DA:17,3
DA:21,3
DA:22,3
DA:23,3
DA:24,3
DA:25,3
DA:26,3
DA:29,3
DA:33,3
DA:36,3
DA:37,3
DA:38,3
DA:41,3
DA:42,1
DA:43,1
DA:49,3
LF:28
LH:28
BRDA:18,0,0,3
BRDA:18,0,1,3
BRF:2
BRH:2
end_of_record
TN:
SF:src\controllers\authController.js
FN:4,(anonymous_0)
FN:42,(anonymous_1)
FN:81,(anonymous_2)
FN:87,(anonymous_3)
FNF:4
FNH:2
FNDA:7,(anonymous_0)
FNDA:12,(anonymous_1)
FNDA:0,(anonymous_2)
FNDA:0,(anonymous_3)
DA:1,3
DA:2,3
DA:4,3
DA:5,7
DA:6,7
DA:9,7
DA:10,7
DA:14,0
DA:15,0
DA:16,0
DA:19,0
DA:20,0
DA:22,0
DA:28,0
DA:37,0
DA:38,0
DA:42,3
DA:43,12
DA:44,12
DA:47,12
DA:48,0
DA:51,12
DA:52,12
DA:53,4
DA:56,8
DA:57,8
DA:58,0
DA:61,8
DA:67,8
DA:76,0
DA:77,0
DA:81,3
DA:84,0
DA:87,3
DA:88,0
DA:90,0
DA:91,0
DA:92,0
DA:98,0
DA:100,0
DA:102,0
DA:105,0
DA:106,0
DA:107,0
DA:114,0
DA:115,0
DA:117,0
DA:123,0
DA:124,0
LF:49
LH:20
BRDA:9,0,0,7
BRDA:9,0,1,0
BRDA:9,1,0,7
BRDA:9,1,1,0
BRDA:9,1,2,0
BRDA:15,2,0,0
BRDA:15,2,1,0
BRDA:47,3,0,0
BRDA:47,3,1,12
BRDA:47,4,0,12
BRDA:47,4,1,12
BRDA:52,5,0,4
BRDA:52,5,1,8
BRDA:57,6,0,0
BRDA:57,6,1,8
BRDA:91,7,0,0
BRDA:91,7,1,0
BRDA:91,8,0,0
BRDA:91,8,1,0
BRDA:106,9,0,0
BRDA:106,9,1,0
BRF:21
BRH:8
end_of_record
TN:
SF:src\controllers\uploadController.js
FN:4,(anonymous_0)
FNF:1
FNH:1
FNDA:1,(anonymous_0)
DA:1,3
DA:2,3
DA:4,3
DA:5,1
DA:6,1
DA:7,1
DA:10,0
DA:11,0
DA:14,0
DA:20,0
DA:21,0
DA:24,0
DA:29,0
DA:30,0
DA:34,3
LF:15
LH:7
BRDA:6,0,0,1
BRDA:6,0,1,0
BRDA:20,1,0,0
BRDA:20,1,1,0
BRF:4
BRH:1
end_of_record
TN:
SF:src\controllers\userController.js
FN:1,(anonymous_0)
FNF:1
FNH:0
FNDA:0,(anonymous_0)
DA:1,3
DA:2,0
LF:2
LH:1
BRF:0
BRH:0
end_of_record
TN:
SF:src\middlewares\authMiddleware.js
FN:3,(anonymous_0)
FNF:1
FNH:1
FNDA:5,(anonymous_0)
DA:1,3
DA:3,3
DA:4,5
DA:5,5
DA:6,5
DA:7,2
DA:10,3
DA:11,3
DA:12,0
DA:15,3
DA:16,2
DA:17,2
DA:19,1
DA:20,1
DA:21,1
DA:23,0
DA:24,0
DA:26,0
DA:30,3
LF:19
LH:15
BRDA:6,0,0,2
BRDA:6,0,1,3
BRDA:11,1,0,0
BRDA:11,1,1,3
BRDA:20,2,0,1
BRDA:20,2,1,0
BRDA:23,3,0,0
BRDA:23,3,1,0
BRF:8
BRH:4
end_of_record
TN:
SF:src\middlewares\uploadMiddleware.js
FN:12,(anonymous_0)
FN:15,(anonymous_1)
FN:21,(anonymous_2)
FNF:3
FNH:0
FNDA:0,(anonymous_0)
FNDA:0,(anonymous_1)
FNDA:0,(anonymous_2)
DA:1,3
DA:2,3
DA:3,3
DA:6,3
DA:7,3
DA:8,0
DA:11,3
DA:13,0
DA:16,0
DA:17,0
DA:21,3
DA:22,0
DA:23,0
DA:24,0
DA:26,0
DA:30,3
DA:38,3
LF:17
LH:9
BRDA:7,0,0,0
BRDA:7,0,1,3
BRDA:23,1,0,0
BRDA:23,1,1,0
BRF:4
BRH:1
end_of_record
TN:
SF:src\models\User.js
FN:46,(anonymous_0)
FN:59,(anonymous_1)
FN:68,(anonymous_2)
FNF:3
FNH:0
FNDA:0,(anonymous_0)
FNDA:0,(anonymous_1)
FNDA:0,(anonymous_2)
DA:1,3
DA:2,3
DA:4,3
DA:46,3
DA:47,0
DA:49,0
DA:50,0
DA:51,0
DA:52,0
DA:54,0
DA:59,3
DA:60,0
DA:61,0
DA:63,0
DA:68,3
DA:69,0
DA:70,0
DA:71,0
DA:75,3
DA:77,3
LF:20
LH:8
BRDA:47,0,0,0
BRDA:47,0,1,0
BRDA:75,1,0,3
BRDA:75,1,1,0
BRF:4
BRH:1
end_of_record
TN:
SF:src\models\userModel.js
FN:23,(anonymous_0)
FN:29,(anonymous_1)
FNF:2
FNH:2
FNDA:13,(anonymous_0)
FNDA:8,(anonymous_1)
DA:1,3
DA:2,3
DA:4,3
DA:23,3
DA:24,13
DA:25,13
DA:26,13
DA:29,3
DA:30,8
DA:33,3
LF:10
LH:10
BRDA:24,0,0,0
BRDA:24,0,1,13
BRF:2
BRH:1
end_of_record
TN:
SF:src\routes\authRoutes.js
FNF:0
FNH:0
DA:1,3
DA:2,3
DA:3,3
DA:4,3
DA:53,3
DA:77,3
DA:91,3
DA:93,3
LF:8
LH:8
BRF:0
BRH:0
end_of_record
TN:
SF:src\routes\uploadRoutes.js
FNF:0
FNH:0
DA:1,3
DA:2,3
DA:3,3
DA:4,3
DA:5,3
DA:8,3
DA:15,3
LF:7
LH:7
BRF:0
BRH:0
end_of_record
TN:
SF:src\routes\userRoutes.js
FNF:0
FNH:0
DA:1,3
DA:2,3
DA:3,3
DA:5,3
DA:7,3
LF:5
LH:5
BRF:0
BRH:0
end_of_record
